[debug] [2024-01-30T01:27:31.852Z] ----------------------------------------------------------------------
[debug] [2024-01-30T01:27:31.855Z] Command:       C:\Users\server\Desktop\BALTEK~1\firebase-tools-instant-win.exe C:\Users\server\.cache\firebase\tools\lib\node_modules\firebase-tools\lib\bin\firebase init
[debug] [2024-01-30T01:27:31.856Z] CLI Version:   13.1.0
[debug] [2024-01-30T01:27:31.856Z] Platform:      win32
[debug] [2024-01-30T01:27:31.856Z] Node Version:  v18.5.0
[debug] [2024-01-30T01:27:31.857Z] Time:          Tue Jan 30 2024 08:27:31 GMT+0700 (Western Indonesia Time)
[debug] [2024-01-30T01:27:31.857Z] ----------------------------------------------------------------------
[debug] 
[debug] [2024-01-30T01:27:31.866Z] > command requires scopes: ["email","openid","https://www.googleapis.com/auth/cloudplatformprojects.readonly","https://www.googleapis.com/auth/firebase","https://www.googleapis.com/auth/cloud-platform"]
[debug] [2024-01-30T01:27:31.867Z] > authorizing via signed-in user (berupaangka@gmail.com)
[info] 
     ######## #### ########  ######## ########     ###     ######  ########
     ##        ##  ##     ## ##       ##     ##  ##   ##  ##       ##
     ######    ##  ########  ######   ########  #########  ######  ######
     ##        ##  ##    ##  ##       ##     ## ##     ##       ## ##
     ##       #### ##     ## ######## ########  ##     ##  ######  ########

You're about to initialize a Firebase project in this directory:

  C:\Users\server\Desktop\baltekkomdiktv

[info] 
=== Project Setup
[info] 
[info] First, let's associate this project directory with a Firebase project.
[info] You can create multiple project aliases by running firebase use --add, 
[info] but for now we'll just set up a default project.
[info] 
[debug] [2024-01-30T01:28:12.099Z] >>> [apiv2][query] GET https://firebase.googleapis.com/v1beta1/projects pageSize=100
[debug] [2024-01-30T01:28:13.603Z] <<< [apiv2][status] GET https://firebase.googleapis.com/v1beta1/projects 200
[debug] [2024-01-30T01:28:13.603Z] <<< [apiv2][body] GET https://firebase.googleapis.com/v1beta1/projects [omitted]
[info] i  Using project baltekkomdik-501dc (baltekkomdik) 
[info] 
=== Hosting Setup
[debug] [2024-01-30T01:28:15.557Z] >>> [apiv2][query] GET https://firebase.googleapis.com/v1beta1/projects/baltekkomdik-501dc [none]
[debug] [2024-01-30T01:28:16.092Z] <<< [apiv2][status] GET https://firebase.googleapis.com/v1beta1/projects/baltekkomdik-501dc 200
[debug] [2024-01-30T01:28:16.092Z] <<< [apiv2][body] GET https://firebase.googleapis.com/v1beta1/projects/baltekkomdik-501dc {"projectId":"baltekkomdik-501dc","projectNumber":"712611572825","displayName":"baltekkomdik","name":"projects/baltekkomdik-501dc","resources":{"hostingSite":"baltekkomdik-501dc","storageBucket":"baltekkomdik-501dc.appspot.com","locationId":"asia-northeast3"},"state":"ACTIVE","etag":"1_0ee6b949-b723-4daa-aafa-56c37881c01f"}
[info] 
[info] Your public directory is the folder (relative to your project directory) that
[info] will contain Hosting assets to be uploaded with firebase deploy. If you
[info] have a build process for your assets, use your build's output directory.
[info] 
[debug] [2024-01-30T01:28:21.694Z] >>> [apiv2][query] GET https://www.gstatic.com/firebasejs/releases.json [none]
[debug] [2024-01-30T01:28:21.729Z] <<< [apiv2][status] GET https://www.gstatic.com/firebasejs/releases.json 200
[debug] [2024-01-30T01:28:21.730Z] <<< [apiv2][body] GET https://www.gstatic.com/firebasejs/releases.json {"current":{"version":"10.7.2","browserURL":"https://www.gstatic.com/firebasejs/10.7.2/firebase.js","packageURL":"https://www.gstatic.com/firebasejs/10.7.2/firebase.tgz"},"live":{"version":"10.7","browserURL":"https://www.gstatic.com/firebasejs/live/10.7/firebase.js","packageURL":"https://www.gstatic.com/firebasejs/live/10.7/firebase.tgz"},"components":{"analytics":"https://www.gstatic.com/firebasejs/10.7.2/firebase-analytics.js","app":"https://www.gstatic.com/firebasejs/10.7.2/firebase-app.js","app-check":"https://www.gstatic.com/firebasejs/10.7.2/firebase-app-check.js","auth":"https://www.gstatic.com/firebasejs/10.7.2/firebase-auth.js","auth/cordova":"https://www.gstatic.com/firebasejs/10.7.2/firebase-auth/cordova.js","functions":"https://www.gstatic.com/firebasejs/10.7.2/firebase-functions.js","firestore":"https://www.gstatic.com/firebasejs/10.7.2/firebase-firestore.js","firestore/lite":"https://www.gstatic.com/firebasejs/10.7.2/firebase-firestore/lite.js","installations":"https://www.gstatic.com/firebasejs/10.7.2/firebase-installations.js","storage":"https://www.gstatic.com/firebasejs/10.7.2/firebase-storage.js","performance":"https://www.gstatic.com/firebasejs/10.7.2/firebase-performance.js","remote-config":"https://www.gstatic.com/firebasejs/10.7.2/firebase-remote-config.js","messaging":"https://www.gstatic.com/firebasejs/10.7.2/firebase-messaging.js","messaging/sw":"https://www.gstatic.com/firebasejs/10.7.2/firebase-messaging/sw.js","database":"https://www.gstatic.com/firebasejs/10.7.2/firebase-database.js","firestore.memory":"https://www.gstatic.com/firebasejs/10.7.2/firebase-firestore.memory.js"}}
[info] +  Wrote public/index.html 
[info] 
[info] i  Didn't detect a .git folder. Assuming C:\Users\server\Desktop\baltekkomdiktv is the project root. 
[info] i  Authorizing with GitHub to upload your service account to a GitHub repository's secrets store. 
[info] 
[info] Visit this URL on this device to log in:
[info] https://github.com/login/oauth/authorize?client_id=89cf50f02ac6aaed3484&state=593549867&redirect_uri=http%3A%2F%2Flocalhost%3A9005&scope=read%3Auser%20repo%20public_repo
[info] 
[info] Waiting for authentication...
[debug] [2024-01-30T01:43:39.788Z] >>> [apiv2][query] POST https://github.com/login/oauth/access_token [none]
[debug] [2024-01-30T01:43:39.788Z] >>> [apiv2][body] POST https://github.com/login/oauth/access_token [stream]
[debug] [2024-01-30T01:43:40.288Z] <<< [apiv2][status] POST https://github.com/login/oauth/access_token 200
[debug] [2024-01-30T01:43:40.288Z] <<< [apiv2][body] POST https://github.com/login/oauth/access_token {"access_token":"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","token_type":"bearer","scope":"read:user,repo"}
[debug] [2024-01-30T01:43:40.323Z] >>> [apiv2][query] GET https://api.github.com/user [none]
[debug] [2024-01-30T01:43:40.774Z] <<< [apiv2][status] GET https://api.github.com/user 200
[debug] [2024-01-30T01:43:40.775Z] <<< [apiv2][body] GET https://api.github.com/user {"login":"berupaangka","id":100754484,"node_id":"U_kgDOBgFkNA","avatar_url":"https://avatars.githubusercontent.com/u/100754484?v=4","gravatar_id":"","url":"https://api.github.com/users/berupaangka","html_url":"https://github.com/berupaangka","followers_url":"https://api.github.com/users/berupaangka/followers","following_url":"https://api.github.com/users/berupaangka/following{/other_user}","gists_url":"https://api.github.com/users/berupaangka/gists{/gist_id}","starred_url":"https://api.github.com/users/berupaangka/starred{/owner}{/repo}","subscriptions_url":"https://api.github.com/users/berupaangka/subscriptions","organizations_url":"https://api.github.com/users/berupaangka/orgs","repos_url":"https://api.github.com/users/berupaangka/repos","events_url":"https://api.github.com/users/berupaangka/events{/privacy}","received_events_url":"https://api.github.com/users/berupaangka/received_events","type":"User","site_admin":false,"name":"bangerwinytb","company":"other","blog":"","location":"Indonesia","email":null,"hireable":null,"bio":"Programmer","twitter_username":null,"public_repos":1,"public_gists":0,"followers":0,"following":0,"created_at":"2022-03-02T07:13:01Z","updated_at":"2024-01-30T01:43:31Z","private_gists":0,"total_private_repos":0,"owned_private_repos":0,"disk_usage":0,"collaborators":0,"two_factor_authentication":false,"plan":{"name":"free","space":976562499,"collaborators":0,"private_repos":10000}}
[info] 
[info] +  Success! Logged into GitHub as berupaangka 
[info] 
[debug] [2024-01-30T01:43:40.787Z] >>> [apiv2][query] GET https://api.github.com/repos//actions/secrets/public-key type=owner
[debug] [2024-01-30T01:43:40.792Z] >>> [apiv2][query] GET https://api.github.com/repos//actions/secrets/public-key type=owner
[debug] [2024-01-30T01:43:41.186Z] <<< [apiv2][status] GET https://api.github.com/repos//actions/secrets/public-key 404
[debug] [2024-01-30T01:43:41.186Z] <<< [apiv2][body] GET https://api.github.com/repos//actions/secrets/public-key {"message":"Not Found","documentation_url":"https://docs.github.com/rest"}
[info] 
[info] 
[error] !  The provided authorization cannot be used with this repository. If this repository is in an organization, did you remember to grant access? 
[info] 
[info] i  Action required: Visit this URL to ensure access has been granted to the appropriate organization(s) for the Firebase CLI GitHub OAuth App: 
[info] https://github.com/settings/connections/applications/89cf50f02ac6aaed3484
[info] 
[debug] [2024-01-30T01:43:41.190Z] <<< [apiv2][status] GET https://api.github.com/repos//actions/secrets/public-key 404
[debug] [2024-01-30T01:43:41.190Z] <<< [apiv2][body] GET https://api.github.com/repos//actions/secrets/public-key {"message":"Not Found","documentation_url":"https://docs.github.com/rest"}
[info] 
[info] 
[error] !  The provided authorization cannot be used with this repository. If this repository is in an organization, did you remember to grant access? 
[info] 
[info] i  Action required: Visit this URL to ensure access has been granted to the appropriate organization(s) for the Firebase CLI GitHub OAuth App: 
[info] https://github.com/settings/connections/applications/89cf50f02ac6aaed3484
[info] 
